<?xml version="1.0" encoding="UTF-8"?>
<!-- Generated by org.testng.reporters.JUnitReportReporter -->
<testsuite hostname="Indhu-PC" name="testcases.TC007_DeleteLead" tests="3" failures="0" timestamp="13 Jan 2018 10:13:44 GMT" time="155.882" errors="0">
  <testcase name="deleteLead" time="51.397" classname="testcases.TC007_DeleteLead"/>
  <testcase name="deleteLead" time="52.781" classname="testcases.TC007_DeleteLead"/>
  <testcase name="deleteLead" time="51.704" classname="testcases.TC007_DeleteLead"/>
</testsuite> <!-- testcases.TC007_DeleteLead -->
