<?xml version="1.0" encoding="UTF-8"?>
<!-- Generated by org.testng.reporters.JUnitReportReporter -->
<testsuite hostname="Indhu-PC" name="testcases.TC011_ContactDeactivated" tests="1" failures="0" timestamp="15 Jan 2018 12:37:35 GMT" time="64.506" errors="0">
  <testcase name="contactDeactivated" time="64.506" classname="testcases.TC011_ContactDeactivated"/>
</testsuite> <!-- testcases.TC011_ContactDeactivated -->
