<?xml version="1.0" encoding="UTF-8"?>
<!-- Generated by org.testng.reporters.JUnitReportReporter -->
<testsuite hostname="Indhu-PC" name="testcases.TC006_DuplicateLead" tests="2" failures="0" timestamp="12 Jan 2018 16:12:23 GMT" time="93.876" errors="0">
  <testcase name="duplicateLead" time="48.536" classname="testcases.TC006_DuplicateLead"/>
  <testcase name="duplicateLead" time="45.340" classname="testcases.TC006_DuplicateLead"/>
</testsuite> <!-- testcases.TC006_DuplicateLead -->
