<?xml version="1.0" encoding="UTF-8"?>
<!-- Generated by org.testng.reporters.JUnitReportReporter -->
<testsuite hostname="Indhu-PC" name="testcases.TC012_MergeContact" tests="1" failures="0" timestamp="15 Jan 2018 16:32:42 GMT" time="64.517" errors="0">
  <testcase name="mergeContact" time="64.517" classname="testcases.TC012_MergeContact"/>
</testsuite> <!-- testcases.TC012_MergeContact -->
