<?xml version="1.0" encoding="UTF-8"?>
<!-- Generated by org.testng.reporters.JUnitReportReporter -->
<testsuite hostname="Indhu-PC" name="testcases.TC004_CreateLeadAllFields" tests="2" failures="0" timestamp="12 Jan 2018 05:17:19 GMT" time="177.006" errors="0">
  <testcase name="createLeadAllFileds" time="90.243" classname="testcases.TC004_CreateLeadAllFields"/>
  <testcase name="createLeadAllFileds" time="86.763" classname="testcases.TC004_CreateLeadAllFields"/>
</testsuite> <!-- testcases.TC004_CreateLeadAllFields -->
