<?xml version="1.0" encoding="UTF-8"?>
<!-- Generated by org.testng.reporters.JUnitReportReporter -->
<testsuite hostname="Indhu-PC" name="grid.seleniumDragAndDrop" tests="1" failures="0" timestamp="20 Jan 2018 16:53:49 GMT" time="34.192" errors="0">
  <testcase name="actionsDrag" time="34.192" classname="grid.seleniumDragAndDrop"/>
</testsuite> <!-- grid.seleniumDragAndDrop -->
