<?xml version="1.0" encoding="UTF-8"?>
<!-- Generated by org.testng.reporters.JUnitReportReporter -->
<testsuite hostname="Indhu-PC" name="testcases.TC008_MergeLead" tests="1" failures="0" timestamp="15 Jan 2018 16:34:53 GMT" time="67.183" errors="0">
  <testcase name="mergeLead" time="67.183" classname="testcases.TC008_MergeLead"/>
</testsuite> <!-- testcases.TC008_MergeLead -->
