<?xml version="1.0" encoding="UTF-8"?>
<!-- Generated by org.testng.reporters.JUnitReportReporter -->
<testsuite hostname="Indhu-PC" name="testcases.TC005_EditLead" tests="2" failures="0" timestamp="12 Jan 2018 14:38:15 GMT" time="70.634" errors="0">
  <testcase name="editLead" time="34.420" classname="testcases.TC005_EditLead"/>
  <testcase name="editLead" time="36.214" classname="testcases.TC005_EditLead"/>
</testsuite> <!-- testcases.TC005_EditLead -->
