<?xml version="1.0" encoding="UTF-8"?>
<!-- Generated by org.testng.reporters.JUnitReportReporter -->
<testsuite hostname="Indhu-PC" name="testcases.TC001_LoginLogOut" tests="2" failures="0" timestamp="26 May 2018 09:20:25 GMT" time="20.119" errors="0">
  <testcase name="logInLogOut" time="10.450" classname="testcases.TC001_LoginLogOut"/>
  <testcase name="logInLogOut" time="9.669" classname="testcases.TC001_LoginLogOut"/>
</testsuite> <!-- testcases.TC001_LoginLogOut -->
