<?xml version="1.0" encoding="UTF-8"?>
<!-- Generated by org.testng.reporters.JUnitReportReporter -->
<testsuite hostname="Indhu-PC" name="testcases.TC009_CreateContact" tests="1" failures="0" timestamp="15 Jan 2018 13:13:15 GMT" time="63.112" errors="0">
  <testcase name="createContact" time="63.112" classname="testcases.TC009_CreateContact"/>
</testsuite> <!-- testcases.TC009_CreateContact -->
